<?xml version="1.0" encoding="UTF-8"?>
<!-- Generated by org.testng.reporters.JUnitReportReporter -->
<testsuite skipped="0" hostname="DESKTOP-9KI580R" name="AlekyaProject.MavenProjects.appiumTest" tests="1" failures="0" timestamp="2020-09-15T11:31:59 IST" time="0.010" errors="0">
  <testcase name="MobileTest" time="0.010" classname="AlekyaProject.MavenProjects.appiumTest"/>
  <system-out/>
</testsuite> <!-- AlekyaProject.MavenProjects.appiumTest -->
