<?xml version="1.0" encoding="UTF-8"?>
<!-- Generated by org.testng.reporters.JUnitReportReporter -->
<testsuite skipped="0" hostname="DESKTOP-9KI580R" name="AlekyaProject.MavenProjects.seleniumTest" tests="1" failures="0" timestamp="2020-09-15T11:27:51 IST" time="0.013" errors="0">
  <testcase name="BrowserDependencies" time="0.013" classname="AlekyaProject.MavenProjects.seleniumTest"/>
  <system-out/>
</testsuite> <!-- AlekyaProject.MavenProjects.seleniumTest -->
