<?xml version="1.0" encoding="UTF-8"?>
<!-- Generated by org.testng.reporters.JUnitReportReporter -->
<testsuite skipped="0" hostname="DESKTOP-9KI580R" name="AlekyaProject.MavenProjects.apiTest" tests="2" failures="0" timestamp="17 Sep 2020 16:16:39 GMT" time="0.009" errors="0">
  <testcase name="TwitterDelete" time="0.002" classname="AlekyaProject.MavenProjects.apiTest"/>
  <testcase name="AndroidCase" time="0.007" classname="AlekyaProject.MavenProjects.apiTest"/>
</testsuite> <!-- AlekyaProject.MavenProjects.apiTest -->
