<?xml version="1.0" encoding="UTF-8"?>
<!-- Generated by org.testng.reporters.JUnitReportReporter -->
<testsuite skipped="0" hostname="DESKTOP-9KI580R" name="AlekyaProject.MavenProjects.seleniumTest" tests="2" failures="0" timestamp="17 Sep 2020 16:16:39 GMT" time="0.000" errors="0">
  <testcase name="ElementsUI" time="0.000" classname="AlekyaProject.MavenProjects.seleniumTest"/>
  <testcase name="BrowserDependencies" time="0.000" classname="AlekyaProject.MavenProjects.seleniumTest"/>
</testsuite> <!-- AlekyaProject.MavenProjects.seleniumTest -->
